<?xml version="1.0" encoding="UTF-8"?>
<!-- Generated by org.testng.reporters.JUnitXMLReporter -->
<testsuite ignored="1" hostname="ritik-Latitude-3410" failures="4" tests="5" name="Test" time="32.28" errors="0" timestamp="2022-02-02T19:25:31 IST">
  <testcase classname="Mobile.TestLogin" name="selectCountry" time="12.097"/>
  <testcase classname="Mobile.TestLogin" name="loginAppcoa" time="12.013">
    <failure type="org.openqa.selenium.WebDriverException" message="org.openqa.selenium.WebDriverException: An unknown server-side error occurred while processing the command. Original error: &amp;apos;POST /element&amp;apos; cannot be proxied to UiAutomator2 server because the instrumentation process is not running (probably crashed). Check the server log and/or the logcat output for more details
Build info: version: &amp;apos;3.141.59&amp;apos;, revision: &amp;apos;e82be7d358&amp;apos;, time: &amp;apos;2018-11-14T08:17:03&amp;apos;
System info: host: &amp;apos;ritik-Latitude-3410&amp;apos;, ip: &amp;apos;127.0.1.1&amp;apos;, os.name: &amp;apos;Linux&amp;apos;, os.arch: &amp;apos;amd64&amp;apos;, os.version: &amp;apos;5.11.0-49-generic&amp;apos;, java.version: &amp;apos;11.0.14&amp;apos;
Driver info: io.appium.java_client.android.AndroidDriver
Capabilities {adbExecTimeout: 25000, app: /home/ritik/Downloads/relea..., appActivity: com.consumer.consumerApp.mo..., appPackage: com.bac.consumer, appWaitDuration: 5000, autoGrantPermissions: true, automationName: UiAutomator2, databaseEnabled: false, desired: {adbExecTimeout: 25000, app: /home/ritik/Downloads/relea..., appActivity: com.consumer.consumerApp.mo..., appWaitDuration: 5000, autoGrantPermissions: true, automationName: UiAutomator2, deviceName: Android Emulator, fullReset: true, platformName: android, udid: emulator-5554, uiautomator2ServerLaunchTimeout: 80000}, deviceApiLevel: 28, deviceManufacturer: Google, deviceModel: AOSP on IA Emulator, deviceName: emulator-5554, deviceScreenDensity: 440, deviceScreenSize: 1080x2220, deviceUDID: emulator-5554, fullReset: true, javascriptEnabled: true, locationContextEnabled: false, networkConnectionEnabled: true, pixelRatio: 2.75, platform: LINUX, platformName: Android, platformVersion: 9, statBarHeight: 66, takesScreenshot: true, udid: emulator-5554, uiautomator2ServerLaunchTimeout: 80000, viewportRect: {height: 2022, left: 0, top: 66, width: 1080}, warnings: {}, webStorageEnabled: false}
Session ID: ca85c25f-8ab7-4059-9686-a12145f803e1
*** Element info: {Using=xpath, value=//*[contains(@resource-id,&amp;apos;:id/email&amp;apos;)]}">
      <![CDATA[org.openqa.selenium.WebDriverException: org.openqa.selenium.WebDriverException: An unknown server-side error occurred while processing the command. Original error: 'POST /element' cannot be proxied to UiAutomator2 server because the instrumentation process is not running (probably crashed). Check the server log and/or the logcat output for more details
Build info: version: '3.141.59', revision: 'e82be7d358', time: '2018-11-14T08:17:03'
System info: host: 'ritik-Latitude-3410', ip: '127.0.1.1', os.name: 'Linux', os.arch: 'amd64', os.version: '5.11.0-49-generic', java.version: '11.0.14'
Driver info: io.appium.java_client.android.AndroidDriver
Capabilities {adbExecTimeout: 25000, app: /home/ritik/Downloads/relea..., appActivity: com.consumer.consumerApp.mo..., appPackage: com.bac.consumer, appWaitDuration: 5000, autoGrantPermissions: true, automationName: UiAutomator2, databaseEnabled: false, desired: {adbExecTimeout: 25000, app: /home/ritik/Downloads/relea..., appActivity: com.consumer.consumerApp.mo..., appWaitDuration: 5000, autoGrantPermissions: true, automationName: UiAutomator2, deviceName: Android Emulator, fullReset: true, platformName: android, udid: emulator-5554, uiautomator2ServerLaunchTimeout: 80000}, deviceApiLevel: 28, deviceManufacturer: Google, deviceModel: AOSP on IA Emulator, deviceName: emulator-5554, deviceScreenDensity: 440, deviceScreenSize: 1080x2220, deviceUDID: emulator-5554, fullReset: true, javascriptEnabled: true, locationContextEnabled: false, networkConnectionEnabled: true, pixelRatio: 2.75, platform: LINUX, platformName: Android, platformVersion: 9, statBarHeight: 66, takesScreenshot: true, udid: emulator-5554, uiautomator2ServerLaunchTimeout: 80000, viewportRect: {height: 2022, left: 0, top: 66, width: 1080}, warnings: {}, webStorageEnabled: false}
Session ID: ca85c25f-8ab7-4059-9686-a12145f803e1
*** Element info: {Using=xpath, value=//*[contains(@resource-id,':id/email')]}
at io.appium.java_client.pagefactory.AppiumElementLocator$WaitingFunction.apply(AppiumElementLocator.java:192)
at io.appium.java_client.pagefactory.AppiumElementLocator$WaitingFunction.apply(AppiumElementLocator.java:1)
at org.openqa.selenium.support.ui.FluentWait.until(FluentWait.java:249)
at io.appium.java_client.pagefactory.AppiumElementLocator.waitFor(AppiumElementLocator.java:99)
at io.appium.java_client.pagefactory.AppiumElementLocator.findElement(AppiumElementLocator.java:119)
at io.appium.java_client.pagefactory.interceptors.InterceptorOfASingleElement.intercept(InterceptorOfASingleElement.java:59)
at io.appium.java_client.android.AndroidElement$$EnhancerByCGLIB$$b598166c.isDisplayed(<generated>)
at org.openqa.selenium.support.ui.ExpectedConditions.elementIfVisible(ExpectedConditions.java:314)
at org.openqa.selenium.support.ui.ExpectedConditions.access$000(ExpectedConditions.java:43)
at org.openqa.selenium.support.ui.ExpectedConditions$10.apply(ExpectedConditions.java:300)
at org.openqa.selenium.support.ui.ExpectedConditions$10.apply(ExpectedConditions.java:297)
at org.openqa.selenium.support.ui.FluentWait.until(FluentWait.java:249)
at CommonUtility.GenericMethods.explicitWaitForWebElementOnly(GenericMethods.java:150)
at Pages.Mobile.PageLogin.enterCredentials(PageLogin.java:31)
at Mobile.TestLogin.loginAppcoa(TestLogin.java:117)
at java.base/java.util.ArrayList.forEach(ArrayList.java:1541)
Caused by: org.openqa.selenium.WebDriverException: An unknown server-side error occurred while processing the command. Original error: 'POST /element' cannot be proxied to UiAutomator2 server because the instrumentation process is not running (probably crashed). Check the server log and/or the logcat output for more details
Build info: version: '3.141.59', revision: 'e82be7d358', time: '2018-11-14T08:17:03'
System info: host: 'ritik-Latitude-3410', ip: '127.0.1.1', os.name: 'Linux', os.arch: 'amd64', os.version: '5.11.0-49-generic', java.version: '11.0.14'
Driver info: io.appium.java_client.android.AndroidDriver
Capabilities {adbExecTimeout: 25000, app: /home/ritik/Downloads/relea..., appActivity: com.consumer.consumerApp.mo..., appPackage: com.bac.consumer, appWaitDuration: 5000, autoGrantPermissions: true, automationName: UiAutomator2, databaseEnabled: false, desired: {adbExecTimeout: 25000, app: /home/ritik/Downloads/relea..., appActivity: com.consumer.consumerApp.mo..., appWaitDuration: 5000, autoGrantPermissions: true, automationName: UiAutomator2, deviceName: Android Emulator, fullReset: true, platformName: android, udid: emulator-5554, uiautomator2ServerLaunchTimeout: 80000}, deviceApiLevel: 28, deviceManufacturer: Google, deviceModel: AOSP on IA Emulator, deviceName: emulator-5554, deviceScreenDensity: 440, deviceScreenSize: 1080x2220, deviceUDID: emulator-5554, fullReset: true, javascriptEnabled: true, locationContextEnabled: false, networkConnectionEnabled: true, pixelRatio: 2.75, platform: LINUX, platformName: Android, platformVersion: 9, statBarHeight: 66, takesScreenshot: true, udid: emulator-5554, uiautomator2ServerLaunchTimeout: 80000, viewportRect: {height: 2022, left: 0, top: 66, width: 1080}, warnings: {}, webStorageEnabled: false}
Session ID: ca85c25f-8ab7-4059-9686-a12145f803e1
*** Element info: {Using=xpath, value=//*[contains(@resource-id,':id/email')]}
at org.openqa.selenium.remote.http.W3CHttpResponseCodec.createException(W3CHttpResponseCodec.java:187)
at org.openqa.selenium.remote.http.W3CHttpResponseCodec.decode(W3CHttpResponseCodec.java:122)
at org.openqa.selenium.remote.http.W3CHttpResponseCodec.decode(W3CHttpResponseCodec.java:49)
at org.openqa.selenium.remote.HttpCommandExecutor.execute(HttpCommandExecutor.java:158)
at io.appium.java_client.remote.AppiumCommandExecutor.execute(AppiumCommandExecutor.java:247)
at org.openqa.selenium.remote.RemoteWebDriver.execute(RemoteWebDriver.java:552)
at io.appium.java_client.DefaultGenericMobileDriver.execute(DefaultGenericMobileDriver.java:41)
at io.appium.java_client.AppiumDriver.execute(AppiumDriver.java:1)
at io.appium.java_client.android.AndroidDriver.execute(AndroidDriver.java:1)
at org.openqa.selenium.remote.RemoteWebDriver.findElement(RemoteWebDriver.java:323)
at io.appium.java_client.DefaultGenericMobileDriver.findElement(DefaultGenericMobileDriver.java:61)
at io.appium.java_client.AppiumDriver.findElement(AppiumDriver.java:1)
at io.appium.java_client.android.AndroidDriver.findElement(AndroidDriver.java:1)
at org.openqa.selenium.remote.RemoteWebDriver.findElementByXPath(RemoteWebDriver.java:428)
at io.appium.java_client.DefaultGenericMobileDriver.findElementByXPath(DefaultGenericMobileDriver.java:151)
at io.appium.java_client.AppiumDriver.findElementByXPath(AppiumDriver.java:1)
at io.appium.java_client.android.AndroidDriver.findElementByXPath(AndroidDriver.java:1)
at org.openqa.selenium.By$ByXPath.findElement(By.java:353)
at org.openqa.selenium.remote.RemoteWebDriver.findElement(RemoteWebDriver.java:315)
at io.appium.java_client.DefaultGenericMobileDriver.findElement(DefaultGenericMobileDriver.java:57)
at io.appium.java_client.AppiumDriver.findElement(AppiumDriver.java:1)
at io.appium.java_client.android.AndroidDriver.findElement(AndroidDriver.java:1)
at io.appium.java_client.pagefactory.bys.builder.ByChained.lambda$0(ByChained.java:38)
at org.openqa.selenium.support.ui.FluentWait.until(FluentWait.java:249)
at io.appium.java_client.pagefactory.bys.builder.ByChained.findElement(ByChained.java:72)
at org.openqa.selenium.remote.RemoteWebDriver.findElement(RemoteWebDriver.java:315)
at io.appium.java_client.DefaultGenericMobileDriver.findElement(DefaultGenericMobileDriver.java:57)
at io.appium.java_client.AppiumDriver.findElement(AppiumDriver.java:1)
at io.appium.java_client.android.AndroidDriver.findElement(AndroidDriver.java:1)
at io.appium.java_client.pagefactory.bys.ContentMappedBy.findElement(ContentMappedBy.java:50)
at org.openqa.selenium.remote.RemoteWebDriver.findElement(RemoteWebDriver.java:315)
at io.appium.java_client.DefaultGenericMobileDriver.findElement(DefaultGenericMobileDriver.java:57)
at io.appium.java_client.AppiumDriver.findElement(AppiumDriver.java:1)
at io.appium.java_client.android.AndroidDriver.findElement(AndroidDriver.java:1)
at io.appium.java_client.pagefactory.AppiumElementLocator.lambda$0(AppiumElementLocator.java:120)
at io.appium.java_client.pagefactory.AppiumElementLocator$WaitingFunction.apply(AppiumElementLocator.java:172)
... 46 more
... Removed 35 stack frames]]>
    </failure>
  </testcase> <!-- loginAppcoa -->
  <testcase classname="Mobile.TestLogin" name="addVehicle" time="0.029">
    <failure type="org.openqa.selenium.WebDriverException" message="org.openqa.selenium.WebDriverException: An unknown server-side error occurred while processing the command. Original error: &amp;apos;POST /element&amp;apos; cannot be proxied to UiAutomator2 server because the instrumentation process is not running (probably crashed). Check the server log and/or the logcat output for more details
Build info: version: &amp;apos;3.141.59&amp;apos;, revision: &amp;apos;e82be7d358&amp;apos;, time: &amp;apos;2018-11-14T08:17:03&amp;apos;
System info: host: &amp;apos;ritik-Latitude-3410&amp;apos;, ip: &amp;apos;127.0.1.1&amp;apos;, os.name: &amp;apos;Linux&amp;apos;, os.arch: &amp;apos;amd64&amp;apos;, os.version: &amp;apos;5.11.0-49-generic&amp;apos;, java.version: &amp;apos;11.0.14&amp;apos;
Driver info: io.appium.java_client.android.AndroidDriver
Capabilities {adbExecTimeout: 25000, app: /home/ritik/Downloads/relea..., appActivity: com.consumer.consumerApp.mo..., appPackage: com.bac.consumer, appWaitDuration: 5000, autoGrantPermissions: true, automationName: UiAutomator2, databaseEnabled: false, desired: {adbExecTimeout: 25000, app: /home/ritik/Downloads/relea..., appActivity: com.consumer.consumerApp.mo..., appWaitDuration: 5000, autoGrantPermissions: true, automationName: UiAutomator2, deviceName: Android Emulator, fullReset: true, platformName: android, udid: emulator-5554, uiautomator2ServerLaunchTimeout: 80000}, deviceApiLevel: 28, deviceManufacturer: Google, deviceModel: AOSP on IA Emulator, deviceName: emulator-5554, deviceScreenDensity: 440, deviceScreenSize: 1080x2220, deviceUDID: emulator-5554, fullReset: true, javascriptEnabled: true, locationContextEnabled: false, networkConnectionEnabled: true, pixelRatio: 2.75, platform: LINUX, platformName: Android, platformVersion: 9, statBarHeight: 66, takesScreenshot: true, udid: emulator-5554, uiautomator2ServerLaunchTimeout: 80000, viewportRect: {height: 2022, left: 0, top: 66, width: 1080}, warnings: {}, webStorageEnabled: false}
Session ID: ca85c25f-8ab7-4059-9686-a12145f803e1
*** Element info: {Using=xpath, value=//*[contains(@resource-id,&amp;apos;:id/iv_menu&amp;apos;)]}">
      <![CDATA[org.openqa.selenium.WebDriverException: org.openqa.selenium.WebDriverException: An unknown server-side error occurred while processing the command. Original error: 'POST /element' cannot be proxied to UiAutomator2 server because the instrumentation process is not running (probably crashed). Check the server log and/or the logcat output for more details
Build info: version: '3.141.59', revision: 'e82be7d358', time: '2018-11-14T08:17:03'
System info: host: 'ritik-Latitude-3410', ip: '127.0.1.1', os.name: 'Linux', os.arch: 'amd64', os.version: '5.11.0-49-generic', java.version: '11.0.14'
Driver info: io.appium.java_client.android.AndroidDriver
Capabilities {adbExecTimeout: 25000, app: /home/ritik/Downloads/relea..., appActivity: com.consumer.consumerApp.mo..., appPackage: com.bac.consumer, appWaitDuration: 5000, autoGrantPermissions: true, automationName: UiAutomator2, databaseEnabled: false, desired: {adbExecTimeout: 25000, app: /home/ritik/Downloads/relea..., appActivity: com.consumer.consumerApp.mo..., appWaitDuration: 5000, autoGrantPermissions: true, automationName: UiAutomator2, deviceName: Android Emulator, fullReset: true, platformName: android, udid: emulator-5554, uiautomator2ServerLaunchTimeout: 80000}, deviceApiLevel: 28, deviceManufacturer: Google, deviceModel: AOSP on IA Emulator, deviceName: emulator-5554, deviceScreenDensity: 440, deviceScreenSize: 1080x2220, deviceUDID: emulator-5554, fullReset: true, javascriptEnabled: true, locationContextEnabled: false, networkConnectionEnabled: true, pixelRatio: 2.75, platform: LINUX, platformName: Android, platformVersion: 9, statBarHeight: 66, takesScreenshot: true, udid: emulator-5554, uiautomator2ServerLaunchTimeout: 80000, viewportRect: {height: 2022, left: 0, top: 66, width: 1080}, warnings: {}, webStorageEnabled: false}
Session ID: ca85c25f-8ab7-4059-9686-a12145f803e1
*** Element info: {Using=xpath, value=//*[contains(@resource-id,':id/iv_menu')]}
at io.appium.java_client.pagefactory.AppiumElementLocator$WaitingFunction.apply(AppiumElementLocator.java:192)
at io.appium.java_client.pagefactory.AppiumElementLocator$WaitingFunction.apply(AppiumElementLocator.java:1)
at org.openqa.selenium.support.ui.FluentWait.until(FluentWait.java:249)
at io.appium.java_client.pagefactory.AppiumElementLocator.waitFor(AppiumElementLocator.java:99)
at io.appium.java_client.pagefactory.AppiumElementLocator.findElement(AppiumElementLocator.java:119)
at io.appium.java_client.pagefactory.interceptors.InterceptorOfASingleElement.intercept(InterceptorOfASingleElement.java:59)
at io.appium.java_client.android.AndroidElement$$EnhancerByCGLIB$$b598166c.isDisplayed(<generated>)
at org.openqa.selenium.support.ui.ExpectedConditions.elementIfVisible(ExpectedConditions.java:314)
at org.openqa.selenium.support.ui.ExpectedConditions.access$000(ExpectedConditions.java:43)
at org.openqa.selenium.support.ui.ExpectedConditions$10.apply(ExpectedConditions.java:300)
at org.openqa.selenium.support.ui.ExpectedConditions$10.apply(ExpectedConditions.java:297)
at org.openqa.selenium.support.ui.FluentWait.until(FluentWait.java:249)
at CommonUtility.GenericMethods.explicitWaitForWebElementOnly(GenericMethods.java:150)
at Pages.Mobile.PageAddVehicle.addVehicle(PageAddVehicle.java:85)
at Mobile.TestLogin.addVehicle(TestLogin.java:141)
at java.base/java.util.ArrayList.forEach(ArrayList.java:1541)
Caused by: org.openqa.selenium.WebDriverException: An unknown server-side error occurred while processing the command. Original error: 'POST /element' cannot be proxied to UiAutomator2 server because the instrumentation process is not running (probably crashed). Check the server log and/or the logcat output for more details
Build info: version: '3.141.59', revision: 'e82be7d358', time: '2018-11-14T08:17:03'
System info: host: 'ritik-Latitude-3410', ip: '127.0.1.1', os.name: 'Linux', os.arch: 'amd64', os.version: '5.11.0-49-generic', java.version: '11.0.14'
Driver info: io.appium.java_client.android.AndroidDriver
Capabilities {adbExecTimeout: 25000, app: /home/ritik/Downloads/relea..., appActivity: com.consumer.consumerApp.mo..., appPackage: com.bac.consumer, appWaitDuration: 5000, autoGrantPermissions: true, automationName: UiAutomator2, databaseEnabled: false, desired: {adbExecTimeout: 25000, app: /home/ritik/Downloads/relea..., appActivity: com.consumer.consumerApp.mo..., appWaitDuration: 5000, autoGrantPermissions: true, automationName: UiAutomator2, deviceName: Android Emulator, fullReset: true, platformName: android, udid: emulator-5554, uiautomator2ServerLaunchTimeout: 80000}, deviceApiLevel: 28, deviceManufacturer: Google, deviceModel: AOSP on IA Emulator, deviceName: emulator-5554, deviceScreenDensity: 440, deviceScreenSize: 1080x2220, deviceUDID: emulator-5554, fullReset: true, javascriptEnabled: true, locationContextEnabled: false, networkConnectionEnabled: true, pixelRatio: 2.75, platform: LINUX, platformName: Android, platformVersion: 9, statBarHeight: 66, takesScreenshot: true, udid: emulator-5554, uiautomator2ServerLaunchTimeout: 80000, viewportRect: {height: 2022, left: 0, top: 66, width: 1080}, warnings: {}, webStorageEnabled: false}
Session ID: ca85c25f-8ab7-4059-9686-a12145f803e1
*** Element info: {Using=xpath, value=//*[contains(@resource-id,':id/iv_menu')]}
at org.openqa.selenium.remote.http.W3CHttpResponseCodec.createException(W3CHttpResponseCodec.java:187)
at org.openqa.selenium.remote.http.W3CHttpResponseCodec.decode(W3CHttpResponseCodec.java:122)
at org.openqa.selenium.remote.http.W3CHttpResponseCodec.decode(W3CHttpResponseCodec.java:49)
at org.openqa.selenium.remote.HttpCommandExecutor.execute(HttpCommandExecutor.java:158)
at io.appium.java_client.remote.AppiumCommandExecutor.execute(AppiumCommandExecutor.java:247)
at org.openqa.selenium.remote.RemoteWebDriver.execute(RemoteWebDriver.java:552)
at io.appium.java_client.DefaultGenericMobileDriver.execute(DefaultGenericMobileDriver.java:41)
at io.appium.java_client.AppiumDriver.execute(AppiumDriver.java:1)
at io.appium.java_client.android.AndroidDriver.execute(AndroidDriver.java:1)
at org.openqa.selenium.remote.RemoteWebDriver.findElement(RemoteWebDriver.java:323)
at io.appium.java_client.DefaultGenericMobileDriver.findElement(DefaultGenericMobileDriver.java:61)
at io.appium.java_client.AppiumDriver.findElement(AppiumDriver.java:1)
at io.appium.java_client.android.AndroidDriver.findElement(AndroidDriver.java:1)
at org.openqa.selenium.remote.RemoteWebDriver.findElementByXPath(RemoteWebDriver.java:428)
at io.appium.java_client.DefaultGenericMobileDriver.findElementByXPath(DefaultGenericMobileDriver.java:151)
at io.appium.java_client.AppiumDriver.findElementByXPath(AppiumDriver.java:1)
at io.appium.java_client.android.AndroidDriver.findElementByXPath(AndroidDriver.java:1)
at org.openqa.selenium.By$ByXPath.findElement(By.java:353)
at org.openqa.selenium.remote.RemoteWebDriver.findElement(RemoteWebDriver.java:315)
at io.appium.java_client.DefaultGenericMobileDriver.findElement(DefaultGenericMobileDriver.java:57)
at io.appium.java_client.AppiumDriver.findElement(AppiumDriver.java:1)
at io.appium.java_client.android.AndroidDriver.findElement(AndroidDriver.java:1)
at io.appium.java_client.pagefactory.bys.builder.ByChained.lambda$0(ByChained.java:38)
at org.openqa.selenium.support.ui.FluentWait.until(FluentWait.java:249)
at io.appium.java_client.pagefactory.bys.builder.ByChained.findElement(ByChained.java:72)
at org.openqa.selenium.remote.RemoteWebDriver.findElement(RemoteWebDriver.java:315)
at io.appium.java_client.DefaultGenericMobileDriver.findElement(DefaultGenericMobileDriver.java:57)
at io.appium.java_client.AppiumDriver.findElement(AppiumDriver.java:1)
at io.appium.java_client.android.AndroidDriver.findElement(AndroidDriver.java:1)
at io.appium.java_client.pagefactory.bys.ContentMappedBy.findElement(ContentMappedBy.java:50)
at org.openqa.selenium.remote.RemoteWebDriver.findElement(RemoteWebDriver.java:315)
at io.appium.java_client.DefaultGenericMobileDriver.findElement(DefaultGenericMobileDriver.java:57)
at io.appium.java_client.AppiumDriver.findElement(AppiumDriver.java:1)
at io.appium.java_client.android.AndroidDriver.findElement(AndroidDriver.java:1)
at io.appium.java_client.pagefactory.AppiumElementLocator.lambda$0(AppiumElementLocator.java:120)
at io.appium.java_client.pagefactory.AppiumElementLocator$WaitingFunction.apply(AppiumElementLocator.java:172)
... 46 more
... Removed 35 stack frames]]>
    </failure>
  </testcase> <!-- addVehicle -->
  <testcase classname="Mobile.TestLogin" name="startExtendStopSession" time="5.06">
    <failure type="org.openqa.selenium.WebDriverException" message="An unknown server-side error occurred while processing the command. Original error: &amp;apos;GET /window/current/size&amp;apos; cannot be proxied to UiAutomator2 server because the instrumentation process is not running (probably crashed). Check the server log and/or the logcat output for more details
Build info: version: &amp;apos;3.141.59&amp;apos;, revision: &amp;apos;e82be7d358&amp;apos;, time: &amp;apos;2018-11-14T08:17:03&amp;apos;
System info: host: &amp;apos;ritik-Latitude-3410&amp;apos;, ip: &amp;apos;127.0.1.1&amp;apos;, os.name: &amp;apos;Linux&amp;apos;, os.arch: &amp;apos;amd64&amp;apos;, os.version: &amp;apos;5.11.0-49-generic&amp;apos;, java.version: &amp;apos;11.0.14&amp;apos;
Driver info: io.appium.java_client.android.AndroidDriver
Capabilities {adbExecTimeout: 25000, app: /home/ritik/Downloads/relea..., appActivity: com.consumer.consumerApp.mo..., appPackage: com.bac.consumer, appWaitDuration: 5000, autoGrantPermissions: true, automationName: UiAutomator2, databaseEnabled: false, desired: {adbExecTimeout: 25000, app: /home/ritik/Downloads/relea..., appActivity: com.consumer.consumerApp.mo..., appWaitDuration: 5000, autoGrantPermissions: true, automationName: UiAutomator2, deviceName: Android Emulator, fullReset: true, platformName: android, udid: emulator-5554, uiautomator2ServerLaunchTimeout: 80000}, deviceApiLevel: 28, deviceManufacturer: Google, deviceModel: AOSP on IA Emulator, deviceName: emulator-5554, deviceScreenDensity: 440, deviceScreenSize: 1080x2220, deviceUDID: emulator-5554, fullReset: true, javascriptEnabled: true, locationContextEnabled: false, networkConnectionEnabled: true, pixelRatio: 2.75, platform: LINUX, platformName: Android, platformVersion: 9, statBarHeight: 66, takesScreenshot: true, udid: emulator-5554, uiautomator2ServerLaunchTimeout: 80000, viewportRect: {height: 2022, left: 0, top: 66, width: 1080}, warnings: {}, webStorageEnabled: false}
Session ID: ca85c25f-8ab7-4059-9686-a12145f803e1">
      <![CDATA[org.openqa.selenium.WebDriverException: An unknown server-side error occurred while processing the command. Original error: 'GET /window/current/size' cannot be proxied to UiAutomator2 server because the instrumentation process is not running (probably crashed). Check the server log and/or the logcat output for more details
Build info: version: '3.141.59', revision: 'e82be7d358', time: '2018-11-14T08:17:03'
System info: host: 'ritik-Latitude-3410', ip: '127.0.1.1', os.name: 'Linux', os.arch: 'amd64', os.version: '5.11.0-49-generic', java.version: '11.0.14'
Driver info: io.appium.java_client.android.AndroidDriver
Capabilities {adbExecTimeout: 25000, app: /home/ritik/Downloads/relea..., appActivity: com.consumer.consumerApp.mo..., appPackage: com.bac.consumer, appWaitDuration: 5000, autoGrantPermissions: true, automationName: UiAutomator2, databaseEnabled: false, desired: {adbExecTimeout: 25000, app: /home/ritik/Downloads/relea..., appActivity: com.consumer.consumerApp.mo..., appWaitDuration: 5000, autoGrantPermissions: true, automationName: UiAutomator2, deviceName: Android Emulator, fullReset: true, platformName: android, udid: emulator-5554, uiautomator2ServerLaunchTimeout: 80000}, deviceApiLevel: 28, deviceManufacturer: Google, deviceModel: AOSP on IA Emulator, deviceName: emulator-5554, deviceScreenDensity: 440, deviceScreenSize: 1080x2220, deviceUDID: emulator-5554, fullReset: true, javascriptEnabled: true, locationContextEnabled: false, networkConnectionEnabled: true, pixelRatio: 2.75, platform: LINUX, platformName: Android, platformVersion: 9, statBarHeight: 66, takesScreenshot: true, udid: emulator-5554, uiautomator2ServerLaunchTimeout: 80000, viewportRect: {height: 2022, left: 0, top: 66, width: 1080}, warnings: {}, webStorageEnabled: false}
Session ID: ca85c25f-8ab7-4059-9686-a12145f803e1
at org.openqa.selenium.remote.http.W3CHttpResponseCodec.createException(W3CHttpResponseCodec.java:187)
at org.openqa.selenium.remote.http.W3CHttpResponseCodec.decode(W3CHttpResponseCodec.java:122)
at org.openqa.selenium.remote.http.W3CHttpResponseCodec.decode(W3CHttpResponseCodec.java:49)
at org.openqa.selenium.remote.HttpCommandExecutor.execute(HttpCommandExecutor.java:158)
at io.appium.java_client.remote.AppiumCommandExecutor.execute(AppiumCommandExecutor.java:247)
at org.openqa.selenium.remote.RemoteWebDriver.execute(RemoteWebDriver.java:552)
at io.appium.java_client.DefaultGenericMobileDriver.execute(DefaultGenericMobileDriver.java:45)
at io.appium.java_client.AppiumDriver.execute(AppiumDriver.java:1)
at io.appium.java_client.android.AndroidDriver.execute(AndroidDriver.java:1)
at org.openqa.selenium.remote.RemoteWebDriver$RemoteWebDriverOptions$RemoteWindow.getSize(RemoteWebDriver.java:813)
at Pages.Mobile.PageBuyPass.scrollPage(PageBuyPass.java:126)
at Pages.Mobile.SessionCreationPage.StartsessionforParkingwithPass(SessionCreationPage.java:885)
at Mobile.Utils.SessionUtils.startSession(SessionUtils.java:46)
at Mobile.TestLogin.startExtendStopSession(TestLogin.java:176)
at java.base/java.util.ArrayList.forEach(ArrayList.java:1541)
... Removed 35 stack frames]]>
    </failure>
  </testcase> <!-- startExtendStopSession -->
  <testcase classname="Mobile.TestLogin" name="deleteVehicle" time="2.027">
    <failure type="org.openqa.selenium.WebDriverException" message="org.openqa.selenium.WebDriverException: An unknown server-side error occurred while processing the command. Original error: &amp;apos;POST /element&amp;apos; cannot be proxied to UiAutomator2 server because the instrumentation process is not running (probably crashed). Check the server log and/or the logcat output for more details
Build info: version: &amp;apos;3.141.59&amp;apos;, revision: &amp;apos;e82be7d358&amp;apos;, time: &amp;apos;2018-11-14T08:17:03&amp;apos;
System info: host: &amp;apos;ritik-Latitude-3410&amp;apos;, ip: &amp;apos;127.0.1.1&amp;apos;, os.name: &amp;apos;Linux&amp;apos;, os.arch: &amp;apos;amd64&amp;apos;, os.version: &amp;apos;5.11.0-49-generic&amp;apos;, java.version: &amp;apos;11.0.14&amp;apos;
Driver info: io.appium.java_client.android.AndroidDriver
Capabilities {adbExecTimeout: 25000, app: /home/ritik/Downloads/relea..., appActivity: com.consumer.consumerApp.mo..., appPackage: com.bac.consumer, appWaitDuration: 5000, autoGrantPermissions: true, automationName: UiAutomator2, databaseEnabled: false, desired: {adbExecTimeout: 25000, app: /home/ritik/Downloads/relea..., appActivity: com.consumer.consumerApp.mo..., appWaitDuration: 5000, autoGrantPermissions: true, automationName: UiAutomator2, deviceName: Android Emulator, fullReset: true, platformName: android, udid: emulator-5554, uiautomator2ServerLaunchTimeout: 80000}, deviceApiLevel: 28, deviceManufacturer: Google, deviceModel: AOSP on IA Emulator, deviceName: emulator-5554, deviceScreenDensity: 440, deviceScreenSize: 1080x2220, deviceUDID: emulator-5554, fullReset: true, javascriptEnabled: true, locationContextEnabled: false, networkConnectionEnabled: true, pixelRatio: 2.75, platform: LINUX, platformName: Android, platformVersion: 9, statBarHeight: 66, takesScreenshot: true, udid: emulator-5554, uiautomator2ServerLaunchTimeout: 80000, viewportRect: {height: 2022, left: 0, top: 66, width: 1080}, warnings: {}, webStorageEnabled: false}
Session ID: ca85c25f-8ab7-4059-9686-a12145f803e1
*** Element info: {Using=xpath, value=//*[contains(@resource-id,&amp;apos;:id/iv_menu&amp;apos;)]}">
      <![CDATA[org.openqa.selenium.WebDriverException: org.openqa.selenium.WebDriverException: An unknown server-side error occurred while processing the command. Original error: 'POST /element' cannot be proxied to UiAutomator2 server because the instrumentation process is not running (probably crashed). Check the server log and/or the logcat output for more details
Build info: version: '3.141.59', revision: 'e82be7d358', time: '2018-11-14T08:17:03'
System info: host: 'ritik-Latitude-3410', ip: '127.0.1.1', os.name: 'Linux', os.arch: 'amd64', os.version: '5.11.0-49-generic', java.version: '11.0.14'
Driver info: io.appium.java_client.android.AndroidDriver
Capabilities {adbExecTimeout: 25000, app: /home/ritik/Downloads/relea..., appActivity: com.consumer.consumerApp.mo..., appPackage: com.bac.consumer, appWaitDuration: 5000, autoGrantPermissions: true, automationName: UiAutomator2, databaseEnabled: false, desired: {adbExecTimeout: 25000, app: /home/ritik/Downloads/relea..., appActivity: com.consumer.consumerApp.mo..., appWaitDuration: 5000, autoGrantPermissions: true, automationName: UiAutomator2, deviceName: Android Emulator, fullReset: true, platformName: android, udid: emulator-5554, uiautomator2ServerLaunchTimeout: 80000}, deviceApiLevel: 28, deviceManufacturer: Google, deviceModel: AOSP on IA Emulator, deviceName: emulator-5554, deviceScreenDensity: 440, deviceScreenSize: 1080x2220, deviceUDID: emulator-5554, fullReset: true, javascriptEnabled: true, locationContextEnabled: false, networkConnectionEnabled: true, pixelRatio: 2.75, platform: LINUX, platformName: Android, platformVersion: 9, statBarHeight: 66, takesScreenshot: true, udid: emulator-5554, uiautomator2ServerLaunchTimeout: 80000, viewportRect: {height: 2022, left: 0, top: 66, width: 1080}, warnings: {}, webStorageEnabled: false}
Session ID: ca85c25f-8ab7-4059-9686-a12145f803e1
*** Element info: {Using=xpath, value=//*[contains(@resource-id,':id/iv_menu')]}
at io.appium.java_client.pagefactory.AppiumElementLocator$WaitingFunction.apply(AppiumElementLocator.java:192)
at io.appium.java_client.pagefactory.AppiumElementLocator$WaitingFunction.apply(AppiumElementLocator.java:1)
at org.openqa.selenium.support.ui.FluentWait.until(FluentWait.java:249)
at io.appium.java_client.pagefactory.AppiumElementLocator.waitFor(AppiumElementLocator.java:99)
at io.appium.java_client.pagefactory.AppiumElementLocator.findElement(AppiumElementLocator.java:119)
at io.appium.java_client.pagefactory.interceptors.InterceptorOfASingleElement.intercept(InterceptorOfASingleElement.java:59)
at io.appium.java_client.android.AndroidElement$$EnhancerByCGLIB$$b598166c.isDisplayed(<generated>)
at org.openqa.selenium.support.ui.ExpectedConditions.elementIfVisible(ExpectedConditions.java:314)
at org.openqa.selenium.support.ui.ExpectedConditions.access$000(ExpectedConditions.java:43)
at org.openqa.selenium.support.ui.ExpectedConditions$10.apply(ExpectedConditions.java:300)
at org.openqa.selenium.support.ui.ExpectedConditions$10.apply(ExpectedConditions.java:297)
at org.openqa.selenium.support.ui.FluentWait.until(FluentWait.java:249)
at CommonUtility.GenericMethods.explicitWaitForWebElementOnly(GenericMethods.java:150)
at Pages.Mobile.PageAddVehicle.deletelpr(PageAddVehicle.java:67)
at Mobile.TestLogin.deleteVehicle(TestLogin.java:158)
at java.base/java.util.ArrayList.forEach(ArrayList.java:1541)
Caused by: org.openqa.selenium.WebDriverException: An unknown server-side error occurred while processing the command. Original error: 'POST /element' cannot be proxied to UiAutomator2 server because the instrumentation process is not running (probably crashed). Check the server log and/or the logcat output for more details
Build info: version: '3.141.59', revision: 'e82be7d358', time: '2018-11-14T08:17:03'
System info: host: 'ritik-Latitude-3410', ip: '127.0.1.1', os.name: 'Linux', os.arch: 'amd64', os.version: '5.11.0-49-generic', java.version: '11.0.14'
Driver info: io.appium.java_client.android.AndroidDriver
Capabilities {adbExecTimeout: 25000, app: /home/ritik/Downloads/relea..., appActivity: com.consumer.consumerApp.mo..., appPackage: com.bac.consumer, appWaitDuration: 5000, autoGrantPermissions: true, automationName: UiAutomator2, databaseEnabled: false, desired: {adbExecTimeout: 25000, app: /home/ritik/Downloads/relea..., appActivity: com.consumer.consumerApp.mo..., appWaitDuration: 5000, autoGrantPermissions: true, automationName: UiAutomator2, deviceName: Android Emulator, fullReset: true, platformName: android, udid: emulator-5554, uiautomator2ServerLaunchTimeout: 80000}, deviceApiLevel: 28, deviceManufacturer: Google, deviceModel: AOSP on IA Emulator, deviceName: emulator-5554, deviceScreenDensity: 440, deviceScreenSize: 1080x2220, deviceUDID: emulator-5554, fullReset: true, javascriptEnabled: true, locationContextEnabled: false, networkConnectionEnabled: true, pixelRatio: 2.75, platform: LINUX, platformName: Android, platformVersion: 9, statBarHeight: 66, takesScreenshot: true, udid: emulator-5554, uiautomator2ServerLaunchTimeout: 80000, viewportRect: {height: 2022, left: 0, top: 66, width: 1080}, warnings: {}, webStorageEnabled: false}
Session ID: ca85c25f-8ab7-4059-9686-a12145f803e1
*** Element info: {Using=xpath, value=//*[contains(@resource-id,':id/iv_menu')]}
at org.openqa.selenium.remote.http.W3CHttpResponseCodec.createException(W3CHttpResponseCodec.java:187)
at org.openqa.selenium.remote.http.W3CHttpResponseCodec.decode(W3CHttpResponseCodec.java:122)
at org.openqa.selenium.remote.http.W3CHttpResponseCodec.decode(W3CHttpResponseCodec.java:49)
at org.openqa.selenium.remote.HttpCommandExecutor.execute(HttpCommandExecutor.java:158)
at io.appium.java_client.remote.AppiumCommandExecutor.execute(AppiumCommandExecutor.java:247)
at org.openqa.selenium.remote.RemoteWebDriver.execute(RemoteWebDriver.java:552)
at io.appium.java_client.DefaultGenericMobileDriver.execute(DefaultGenericMobileDriver.java:41)
at io.appium.java_client.AppiumDriver.execute(AppiumDriver.java:1)
at io.appium.java_client.android.AndroidDriver.execute(AndroidDriver.java:1)
at org.openqa.selenium.remote.RemoteWebDriver.findElement(RemoteWebDriver.java:323)
at io.appium.java_client.DefaultGenericMobileDriver.findElement(DefaultGenericMobileDriver.java:61)
at io.appium.java_client.AppiumDriver.findElement(AppiumDriver.java:1)
at io.appium.java_client.android.AndroidDriver.findElement(AndroidDriver.java:1)
at org.openqa.selenium.remote.RemoteWebDriver.findElementByXPath(RemoteWebDriver.java:428)
at io.appium.java_client.DefaultGenericMobileDriver.findElementByXPath(DefaultGenericMobileDriver.java:151)
at io.appium.java_client.AppiumDriver.findElementByXPath(AppiumDriver.java:1)
at io.appium.java_client.android.AndroidDriver.findElementByXPath(AndroidDriver.java:1)
at org.openqa.selenium.By$ByXPath.findElement(By.java:353)
at org.openqa.selenium.remote.RemoteWebDriver.findElement(RemoteWebDriver.java:315)
at io.appium.java_client.DefaultGenericMobileDriver.findElement(DefaultGenericMobileDriver.java:57)
at io.appium.java_client.AppiumDriver.findElement(AppiumDriver.java:1)
at io.appium.java_client.android.AndroidDriver.findElement(AndroidDriver.java:1)
at io.appium.java_client.pagefactory.bys.builder.ByChained.lambda$0(ByChained.java:38)
at org.openqa.selenium.support.ui.FluentWait.until(FluentWait.java:249)
at io.appium.java_client.pagefactory.bys.builder.ByChained.findElement(ByChained.java:72)
at org.openqa.selenium.remote.RemoteWebDriver.findElement(RemoteWebDriver.java:315)
at io.appium.java_client.DefaultGenericMobileDriver.findElement(DefaultGenericMobileDriver.java:57)
at io.appium.java_client.AppiumDriver.findElement(AppiumDriver.java:1)
at io.appium.java_client.android.AndroidDriver.findElement(AndroidDriver.java:1)
at io.appium.java_client.pagefactory.bys.ContentMappedBy.findElement(ContentMappedBy.java:50)
at org.openqa.selenium.remote.RemoteWebDriver.findElement(RemoteWebDriver.java:315)
at io.appium.java_client.DefaultGenericMobileDriver.findElement(DefaultGenericMobileDriver.java:57)
at io.appium.java_client.AppiumDriver.findElement(AppiumDriver.java:1)
at io.appium.java_client.android.AndroidDriver.findElement(AndroidDriver.java:1)
at io.appium.java_client.pagefactory.AppiumElementLocator.lambda$0(AppiumElementLocator.java:120)
at io.appium.java_client.pagefactory.AppiumElementLocator$WaitingFunction.apply(AppiumElementLocator.java:172)
... 46 more
... Removed 35 stack frames]]>
    </failure>
  </testcase> <!-- deleteVehicle -->
  <testcase classname="Mobile.TestLogin" name="EpmpStartButtonCheck" time="0.0">
    <ignored/>
  </testcase> <!-- EpmpStartButtonCheck -->
</testsuite> <!-- Test -->
